{
  "RSpec": {
    "coverage": {
      "/Users/alexalikhani/Projects/messenger3/messenger-1/spec/features/display_spec.rb": [
        1,
        null,
        1,
        1,
        1,
        1,
        1,
        0,
        null,
        null,
        null,
        1,
        1,
        1,
        0,
        0,
        null,
        0,
        0,
        null,
        null
      ],
      "/Users/alexalikhani/Projects/messenger3/messenger-1/spec/features/infrastructure_spec.rb": [
        1,
        null,
        1,
        1,
        1,
        0,
        null,
        null
      ],
      "/Users/alexalikhani/Projects/messenger3/messenger-1/spec/features/input_spec.rb": [
        1,
        null,
        1,
        1,
        1,
        0,
        0,
        0,
        null,
        null
      ],
      "/Users/alexalikhani/Projects/messenger3/messenger-1/spec/features/messenger_spec.rb": [
        1,
        null,
        1,
        1,
        1,
        0,
        null,
        null,
        null,
        1,
        1,
        1,
        0,
        0,
        0,
        0,
        0,
        0,
        0,
        0,
        0,
        null,
        null
      ],
      "/Users/alexalikhani/Projects/messenger3/messenger-1/spec/unit_tests/message_spec.rb": [
        1,
        null,
        1,
        null,
        2,
        2,
        null,
        1,
        1,
        null,
        null
      ]
    },
    "timestamp": 1546875709
  }
}
